<?xml version="1.0" encoding="UTF-8"?>
<testsuite xmlns:xsi="http://www.w3.org/2001/XMLSchema-instance" xsi:noNamespaceSchemaLocation="https://maven.apache.org/surefire/maven-surefire-plugin/xsd/surefire-test-report-3.0.xsd" version="3.0" name="fr.univavignon.pokedex.api.IPokemonTrainerFactoryTest" time="0.002" tests="1" errors="0" skipped="0" failures="0">
  <properties>
    <property name="sun.desktop" value="windows"/>
    <property name="awt.toolkit" value="sun.awt.windows.WToolkit"/>
    <property name="file.encoding.pkg" value="sun.io"/>
    <property name="java.specification.version" value="1.8"/>
    <property name="sun.cpu.isalist" value=""/>
    <property name="sun.jnu.encoding" value="Cp1252"/>
    <property name="java.class.path" value="D:\Documents\Cours\CERI\M1\S2\Techniques de test\ceri-m1-techniques-de-test\target\test-classes;D:\Documents\Cours\CERI\M1\S2\Techniques de test\ceri-m1-techniques-de-test\target\classes;C:\Users\leabt\.m2\repository\junit\junit\4.13.2\junit-4.13.2.jar;C:\Users\leabt\.m2\repository\org\hamcrest\hamcrest-core\1.3\hamcrest-core-1.3.jar;C:\Users\leabt\.m2\repository\org\mockito\mockito-core\4.4.0\mockito-core-4.4.0.jar;C:\Users\leabt\.m2\repository\net\bytebuddy\byte-buddy\1.12.8\byte-buddy-1.12.8.jar;C:\Users\leabt\.m2\repository\net\bytebuddy\byte-buddy-agent\1.12.8\byte-buddy-agent-1.12.8.jar;C:\Users\leabt\.m2\repository\org\objenesis\objenesis\3.2\objenesis-3.2.jar;"/>
    <property name="java.vm.vendor" value="Oracle Corporation"/>
    <property name="sun.arch.data.model" value="32"/>
    <property name="user.variant" value=""/>
    <property name="java.vendor.url" value="http://java.oracle.com/"/>
    <property name="user.timezone" value="Europe/Paris"/>
    <property name="java.vm.specification.version" value="1.8"/>
    <property name="os.name" value="Windows 11"/>
    <property name="user.country" value="FR"/>
    <property name="sun.java.launcher" value="SUN_STANDARD"/>
    <property name="sun.boot.library.path" value="C:\Program Files (x86)\Java\jre1.8.0_331\bin"/>
    <property name="sun.java.command" value="C:\Users\leabt\AppData\Local\Temp\surefire7405976774641921629\surefirebooter8881648451386013051.jar C:\Users\leabt\AppData\Local\Temp\surefire7405976774641921629 2022-05-12T08-52-34_616-jvmRun1 surefire6991968235517749417tmp surefire_02789759062174783887tmp"/>
    <property name="surefire.test.class.path" value="D:\Documents\Cours\CERI\M1\S2\Techniques de test\ceri-m1-techniques-de-test\target\test-classes;D:\Documents\Cours\CERI\M1\S2\Techniques de test\ceri-m1-techniques-de-test\target\classes;C:\Users\leabt\.m2\repository\junit\junit\4.13.2\junit-4.13.2.jar;C:\Users\leabt\.m2\repository\org\hamcrest\hamcrest-core\1.3\hamcrest-core-1.3.jar;C:\Users\leabt\.m2\repository\org\mockito\mockito-core\4.4.0\mockito-core-4.4.0.jar;C:\Users\leabt\.m2\repository\net\bytebuddy\byte-buddy\1.12.8\byte-buddy-1.12.8.jar;C:\Users\leabt\.m2\repository\net\bytebuddy\byte-buddy-agent\1.12.8\byte-buddy-agent-1.12.8.jar;C:\Users\leabt\.m2\repository\org\objenesis\objenesis\3.2\objenesis-3.2.jar;"/>
    <property name="sun.cpu.endian" value="little"/>
    <property name="user.home" value="C:\Users\leabt"/>
    <property name="user.language" value="fr"/>
    <property name="java.specification.vendor" value="Oracle Corporation"/>
    <property name="java.home" value="C:\Program Files (x86)\Java\jre1.8.0_331"/>
    <property name="basedir" value="D:\Documents\Cours\CERI\M1\S2\Techniques de test\ceri-m1-techniques-de-test"/>
    <property name="file.separator" value="\"/>
    <property name="line.separator" value="&#10;"/>
    <property name="java.vm.specification.vendor" value="Oracle Corporation"/>
    <property name="java.specification.name" value="Java Platform API Specification"/>
    <property name="java.awt.graphicsenv" value="sun.awt.Win32GraphicsEnvironment"/>
    <property name="surefire.real.class.path" value="C:\Users\leabt\AppData\Local\Temp\surefire7405976774641921629\surefirebooter8881648451386013051.jar"/>
    <property name="sun.boot.class.path" value="C:\Program Files (x86)\Java\jre1.8.0_331\lib\resources.jar;C:\Program Files (x86)\Java\jre1.8.0_331\lib\rt.jar;C:\Program Files (x86)\Java\jre1.8.0_331\lib\sunrsasign.jar;C:\Program Files (x86)\Java\jre1.8.0_331\lib\jsse.jar;C:\Program Files (x86)\Java\jre1.8.0_331\lib\jce.jar;C:\Program Files (x86)\Java\jre1.8.0_331\lib\charsets.jar;C:\Program Files (x86)\Java\jre1.8.0_331\lib\jfr.jar;C:\Program Files (x86)\Java\jre1.8.0_331\classes"/>
    <property name="user.script" value=""/>
    <property name="sun.management.compiler" value="HotSpot Client Compiler"/>
    <property name="java.runtime.version" value="1.8.0_331-b09"/>
    <property name="user.name" value="leabt"/>
    <property name="path.separator" value=";"/>
    <property name="os.version" value="10.0"/>
    <property name="java.endorsed.dirs" value="C:\Program Files (x86)\Java\jre1.8.0_331\lib\endorsed"/>
    <property name="java.runtime.name" value="Java(TM) SE Runtime Environment"/>
    <property name="file.encoding" value="Cp1252"/>
    <property name="java.vm.name" value="Java HotSpot(TM) Client VM"/>
    <property name="localRepository" value="C:\Users\leabt\.m2\repository"/>
    <property name="java.vendor.url.bug" value="http://bugreport.sun.com/bugreport/"/>
    <property name="java.io.tmpdir" value="C:\Users\leabt\AppData\Local\Temp\"/>
    <property name="java.version" value="1.8.0_331"/>
    <property name="user.dir" value="D:\Documents\Cours\CERI\M1\S2\Techniques de test\ceri-m1-techniques-de-test"/>
    <property name="os.arch" value="x86"/>
    <property name="java.vm.specification.name" value="Java Virtual Machine Specification"/>
    <property name="java.awt.printerjob" value="sun.awt.windows.WPrinterJob"/>
    <property name="sun.os.patch.level" value=""/>
    <property name="java.library.path" value="C:\Program Files (x86)\Java\jre1.8.0_331\bin;C:\WINDOWS\Sun\Java\bin;C:\WINDOWS\system32;C:\WINDOWS;C:/Program Files/Java/jdk-15.0.1/bin/server;C:/Program Files/Java/jdk-15.0.1/bin;C:\WINDOWS\system32;C:\Program Files\Java\jdk-17\bin;C:\Program Files\VideoLAN\VLC\libvlc.dll;C:\Program Files\Common Files\Oracle\Java\javapath;C:\Program Files (x86)\Common Files\Oracle\Java\javapath;C:\MinGW\bin;C:\Users\leabt\AppData\Local\Programs\Python\Python39\Scripts\;C:\Users\leabt\AppData\Local\Programs\Python\Python39\;C:\Users\leabt\AppData\Local\Programs\Microsoft VS Code\bin;C:\Program Files\Git\cmd;C:\WINDOWS;C:\WINDOWS\System32\Wbem;C:\WINDOWS\System32\WindowsPowerShell\v1.0\;C:\WINDOWS\System32\OpenSSH\;C:\Program Files\Microsoft SQL Server\150\Tools\Binn\;C:\Program Files\Microsoft SQL Server\Client SDK\ODBC\170\Tools\Binn\;C:\Program Files\dotnet\;C:\Program Files\Microsoft SQL Server\130\Tools\Binn\;C:\ProgramData\chocolatey\bin;C:\ProgramData\chocolatey\lib\maven\apache-maven-3.8.5\bin;C:\Program Files\nodejs\;C:\Program Files\ZeroC\Ice-3.7.7\bin;C:\Program Files\GitHub CLI\;C:\Users\leabt\Downloads\glassfish-6.2.5\glassfish6\bin;C:\Users\leabt\AppData\Local\Programs\Python\Python310\Scripts\;C:\Users\leabt\AppData\Local\Programs\Python\Python310\;C:\Users\leabt\flutter\bin;C:\MinGW\bin;C:\Users\leabt\AppData\Local\Programs\Python\Python39\Scripts\;C:\Users\leabt\AppData\Local\Programs\Python\Python39\;C:\Users\leabt\AppData\Local\Programs\Microsoft VS Code\bin;C:\Users\leabt\AppData\Local\Microsoft\WindowsApps;C:\Program Files\JetBrains\IntelliJ IDEA 2021.2.3\bin;;C:\Users\leabt\.dotnet\tools;C:\Users\leabt\AppData\Roaming\npm;C:\Users\leabt\AppData\Local\GitHubDesktop\bin;C:\WINDOWS\System32;;."/>
    <property name="java.vm.info" value="mixed mode, sharing"/>
    <property name="java.vendor" value="Oracle Corporation"/>
    <property name="java.vm.version" value="25.331-b09"/>
    <property name="java.ext.dirs" value="C:\Program Files (x86)\Java\jre1.8.0_331\lib\ext;C:\WINDOWS\Sun\Java\lib\ext"/>
    <property name="sun.io.unicode.encoding" value="UnicodeLittle"/>
    <property name="java.class.version" value="52.0"/>
  </properties>
  <testcase name="creationPokemonTrainerTest" classname="fr.univavignon.pokedex.api.IPokemonTrainerFactoryTest" time="0"/>
</testsuite>